<?xml version="1.0" encoding="UTF-8"?>
<robot generator="Robot 7.2.2 (Python 3.13.1 on win32)" generated="2025-06-07T19:07:59.381702" rpa="false" schemaversion="5">
<suite id="s1" name="Preenchimento Correto" source="c:\Users\joaop\OneDrive\Área de Trabalho\curso-robot\preenchimento_correto.robot">
<test id="s1-t1" name="Verificar se é possível criar mais de um card se preenchermos os campos corretamente" line="29">
<kw name="Dado que eu acesse o Organo" owner="setup_teardown" type="SETUP">
<kw name="Open Browser" owner="SeleniumLibrary">
<msg time="2025-06-07T19:07:59.808506" level="INFO">Opening browser 'Chrome' to base url 'http://localhost:3000/'.</msg>
<arg>url=http://localhost:3000/</arg>
<arg>browser=Chrome</arg>
<doc>Opens a new browser instance to the optional ``url``.</doc>
<status status="PASS" start="2025-06-07T19:07:59.807829" elapsed="1.931353"/>
</kw>
<status status="PASS" start="2025-06-07T19:07:59.806347" elapsed="1.933397"/>
</kw>
<kw name="Dado que preencha os campos do formulário">
<kw name="Input Text" owner="SeleniumLibrary">
<msg time="2025-06-07T19:08:01.744401" level="INFO">Typing text 'Akemi' into text field 'id:form-nome'.</msg>
<arg>${CAMPO_NOME}</arg>
<arg>Akemi</arg>
<doc>Types the given ``text`` into the text field identified by ``locator``.</doc>
<status status="PASS" start="2025-06-07T19:08:01.743133" elapsed="0.157829"/>
</kw>
<kw name="Input Text" owner="SeleniumLibrary">
<msg time="2025-06-07T19:08:01.902370" level="INFO">Typing text 'Desenvolvedora' into text field 'id:form-cargo'.</msg>
<arg>${CAMPO_CARGO}</arg>
<arg>Desenvolvedora</arg>
<doc>Types the given ``text`` into the text field identified by ``locator``.</doc>
<status status="PASS" start="2025-06-07T19:08:01.901567" elapsed="0.120216"/>
</kw>
<kw name="Input Text" owner="SeleniumLibrary">
<msg time="2025-06-07T19:08:02.022720" level="INFO">Typing text 'https://picsum.photos/200/300' into text field 'id:form-imagem'.</msg>
<arg>${CAMPO_IMAGEM}</arg>
<arg>https://picsum.photos/200/300</arg>
<doc>Types the given ``text`` into the text field identified by ``locator``.</doc>
<status status="PASS" start="2025-06-07T19:08:02.022171" elapsed="0.142359"/>
</kw>
<kw name="Click Element" owner="SeleniumLibrary">
<msg time="2025-06-07T19:08:02.165416" level="INFO">Clicking element 'class:lista-suspensa'.</msg>
<arg>${CAMPO_TIME}</arg>
<doc>Click the element identified by ``locator``.</doc>
<status status="PASS" start="2025-06-07T19:08:02.164927" elapsed="0.096348"/>
</kw>
<kw name="Click Element" owner="SeleniumLibrary">
<msg time="2025-06-07T19:08:02.262526" level="INFO">Clicking element '//option[contains(.,'Programação')]'.</msg>
<arg>${OPCAO_PROGRAMACAO}</arg>
<doc>Click the element identified by ``locator``.</doc>
<status status="PASS" start="2025-06-07T19:08:02.261871" elapsed="0.041535"/>
</kw>
<status status="PASS" start="2025-06-07T19:08:01.741279" elapsed="0.562406"/>
</kw>
<kw name="E clique no botão criar card">
<kw name="Click Element" owner="SeleniumLibrary">
<msg time="2025-06-07T19:08:02.305576" level="INFO">Clicking element 'id:form-botao'.</msg>
<arg>${BOTAO_CARD}</arg>
<doc>Click the element identified by ``locator``.</doc>
<status status="PASS" start="2025-06-07T19:08:02.304774" elapsed="0.095467"/>
</kw>
<status status="PASS" start="2025-06-07T19:08:02.304209" elapsed="0.096330"/>
</kw>
<kw name="Então identifcar 3 cards no time esperado">
<for flavor="IN RANGE">
<iter>
<kw name="Dado que preencha os campos do formulário">
<kw name="Input Text" owner="SeleniumLibrary">
<msg time="2025-06-07T19:08:02.403534" level="INFO">Typing text 'Akemi' into text field 'id:form-nome'.</msg>
<arg>${CAMPO_NOME}</arg>
<arg>Akemi</arg>
<doc>Types the given ``text`` into the text field identified by ``locator``.</doc>
<status status="PASS" start="2025-06-07T19:08:02.403175" elapsed="0.095132"/>
</kw>
<kw name="Input Text" owner="SeleniumLibrary">
<msg time="2025-06-07T19:08:02.499023" level="INFO">Typing text 'Desenvolvedora' into text field 'id:form-cargo'.</msg>
<arg>${CAMPO_CARGO}</arg>
<arg>Desenvolvedora</arg>
<doc>Types the given ``text`` into the text field identified by ``locator``.</doc>
<status status="PASS" start="2025-06-07T19:08:02.498647" elapsed="0.102531"/>
</kw>
<kw name="Input Text" owner="SeleniumLibrary">
<msg time="2025-06-07T19:08:02.602062" level="INFO">Typing text 'https://picsum.photos/200/300' into text field 'id:form-imagem'.</msg>
<arg>${CAMPO_IMAGEM}</arg>
<arg>https://picsum.photos/200/300</arg>
<doc>Types the given ``text`` into the text field identified by ``locator``.</doc>
<status status="PASS" start="2025-06-07T19:08:02.601600" elapsed="0.127234"/>
</kw>
<kw name="Click Element" owner="SeleniumLibrary">
<msg time="2025-06-07T19:08:02.729984" level="INFO">Clicking element 'class:lista-suspensa'.</msg>
<arg>${CAMPO_TIME}</arg>
<doc>Click the element identified by ``locator``.</doc>
<status status="PASS" start="2025-06-07T19:08:02.729466" elapsed="0.074944"/>
</kw>
<kw name="Click Element" owner="SeleniumLibrary">
<msg time="2025-06-07T19:08:02.805777" level="INFO">Clicking element '//option[contains(.,'Programação')]'.</msg>
<arg>${OPCAO_PROGRAMACAO}</arg>
<doc>Click the element identified by ``locator``.</doc>
<status status="PASS" start="2025-06-07T19:08:02.804946" elapsed="0.032969"/>
</kw>
<status status="PASS" start="2025-06-07T19:08:02.402707" elapsed="0.435654"/>
</kw>
<kw name="E clique no botão criar card">
<kw name="Click Element" owner="SeleniumLibrary">
<msg time="2025-06-07T19:08:02.839659" level="INFO">Clicking element 'id:form-botao'.</msg>
<arg>${BOTAO_CARD}</arg>
<doc>Click the element identified by ``locator``.</doc>
<status status="PASS" start="2025-06-07T19:08:02.839276" elapsed="0.083097"/>
</kw>
<status status="PASS" start="2025-06-07T19:08:02.838717" elapsed="0.083939"/>
</kw>
<var name="${i}">1</var>
<status status="PASS" start="2025-06-07T19:08:02.402265" elapsed="0.520514"/>
</iter>
<iter>
<kw name="Dado que preencha os campos do formulário">
<kw name="Input Text" owner="SeleniumLibrary">
<msg time="2025-06-07T19:08:02.924193" level="INFO">Typing text 'Akemi' into text field 'id:form-nome'.</msg>
<arg>${CAMPO_NOME}</arg>
<arg>Akemi</arg>
<doc>Types the given ``text`` into the text field identified by ``locator``.</doc>
<status status="PASS" start="2025-06-07T19:08:02.923642" elapsed="0.089035"/>
</kw>
<kw name="Input Text" owner="SeleniumLibrary">
<msg time="2025-06-07T19:08:03.013745" level="INFO">Typing text 'Desenvolvedora' into text field 'id:form-cargo'.</msg>
<arg>${CAMPO_CARGO}</arg>
<arg>Desenvolvedora</arg>
<doc>Types the given ``text`` into the text field identified by ``locator``.</doc>
<status status="PASS" start="2025-06-07T19:08:03.013282" elapsed="0.096812"/>
</kw>
<kw name="Input Text" owner="SeleniumLibrary">
<msg time="2025-06-07T19:08:03.110905" level="INFO">Typing text 'https://picsum.photos/200/300' into text field 'id:form-imagem'.</msg>
<arg>${CAMPO_IMAGEM}</arg>
<arg>https://picsum.photos/200/300</arg>
<doc>Types the given ``text`` into the text field identified by ``locator``.</doc>
<status status="PASS" start="2025-06-07T19:08:03.110529" elapsed="0.123148"/>
</kw>
<kw name="Click Element" owner="SeleniumLibrary">
<msg time="2025-06-07T19:08:03.234461" level="INFO">Clicking element 'class:lista-suspensa'.</msg>
<arg>${CAMPO_TIME}</arg>
<doc>Click the element identified by ``locator``.</doc>
<status status="PASS" start="2025-06-07T19:08:03.234045" elapsed="0.071938"/>
</kw>
<kw name="Click Element" owner="SeleniumLibrary">
<msg time="2025-06-07T19:08:03.306791" level="INFO">Clicking element '//option[contains(.,'Programação')]'.</msg>
<arg>${OPCAO_PROGRAMACAO}</arg>
<doc>Click the element identified by ``locator``.</doc>
<status status="PASS" start="2025-06-07T19:08:03.306349" elapsed="0.032965"/>
</kw>
<status status="PASS" start="2025-06-07T19:08:02.923303" elapsed="0.416379"/>
</kw>
<kw name="E clique no botão criar card">
<kw name="Click Element" owner="SeleniumLibrary">
<msg time="2025-06-07T19:08:03.341565" level="INFO">Clicking element 'id:form-botao'.</msg>
<arg>${BOTAO_CARD}</arg>
<doc>Click the element identified by ``locator``.</doc>
<status status="PASS" start="2025-06-07T19:08:03.340629" elapsed="0.079435"/>
</kw>
<status status="PASS" start="2025-06-07T19:08:03.340057" elapsed="0.080316"/>
</kw>
<var name="${i}">2</var>
<status status="PASS" start="2025-06-07T19:08:02.923041" elapsed="0.497472"/>
</iter>
<var>${i}</var>
<value>1</value>
<value>3</value>
<status status="PASS" start="2025-06-07T19:08:02.401776" elapsed="1.018911"/>
</for>
<kw name="Sleep" owner="BuiltIn">
<msg time="2025-06-07T19:08:13.421706" level="INFO">Slept 10 seconds.</msg>
<arg>10s</arg>
<doc>Pauses the test executed for the given time.</doc>
<status status="PASS" start="2025-06-07T19:08:03.420995" elapsed="10.001103"/>
</kw>
<status status="PASS" start="2025-06-07T19:08:02.401243" elapsed="11.021107"/>
</kw>
<kw name="Fechar navegador" owner="setup_teardown" type="TEARDOWN">
<kw name="Close Browser" owner="SeleniumLibrary">
<doc>Closes the current browser.</doc>
<status status="PASS" start="2025-06-07T19:08:13.424794" elapsed="2.273721"/>
</kw>
<status status="PASS" start="2025-06-07T19:08:13.423228" elapsed="2.275822"/>
</kw>
<status status="PASS" start="2025-06-07T19:07:59.804955" elapsed="15.894778"/>
</test>
<status status="PASS" start="2025-06-07T19:07:59.388675" elapsed="16.313793"/>
</suite>
<statistics>
<total>
<stat pass="1" fail="0" skip="0">All Tests</stat>
</total>
<tag>
</tag>
<suite>
<stat name="Preenchimento Correto" id="s1" pass="1" fail="0" skip="0">Preenchimento Correto</stat>
</suite>
</statistics>
<errors>
</errors>
</robot>
