<?xml version="1.0" encoding="UTF-8"?>
<robot generator="Robot 7.2.2 (Python 3.13.1 on win32)" generated="2025-04-17T10:50:17.926731" rpa="false" schemaversion="5">
<suite id="s1" name="Primeiro Teste" source="C:\Users\joaop\OneDrive\Área de Trabalho\curso-robot\primeiro_teste.robot">
<test id="s1-t1" name="Abrir navegador e acessar o site do organo" line="5">
<kw name="Open Browser" owner="SeleniumLibrary">
<msg time="2025-04-17T10:50:18.336793" level="INFO">Opening browser 'Chrome' to base url 'http://localhost:3000/'.</msg>
<arg>url=http://localhost:3000/</arg>
<arg>browser=Chrome</arg>
<doc>Opens a new browser instance to the optional ``url``.</doc>
<status status="PASS" start="2025-04-17T10:50:18.336501" elapsed="4.289765"/>
</kw>
<status status="PASS" start="2025-04-17T10:50:18.335326" elapsed="4.291727"/>
</test>
<status status="PASS" start="2025-04-17T10:50:17.928850" elapsed="4.699919"/>
</suite>
<statistics>
<total>
<stat pass="1" fail="0" skip="0">All Tests</stat>
</total>
<tag>
</tag>
<suite>
<stat name="Primeiro Teste" id="s1" pass="1" fail="0" skip="0">Primeiro Teste</stat>
</suite>
</statistics>
<errors>
</errors>
</robot>
