<?xml version="1.0" encoding="UTF-8"?>
<robot generator="Robot 7.2.2 (Python 3.13.1 on win32)" generated="2025-04-19T18:52:03.399575" rpa="false" schemaversion="5">
<suite id="s1" name="Primeiro Teste" source="C:\Users\joaop\OneDrive\Área de Trabalho\curso-robot\primeiro_teste.robot">
<test id="s1-t1" name="Verificar se ao preencher corretamente o formulário os dados são inseridos corretamente na lista e se um novo card é criado no time esperado" line="20">
<kw name="Dado que eu acesse o Organo">
<kw name="Open Browser" owner="SeleniumLibrary">
<msg time="2025-04-19T18:52:04.025594" level="INFO">Opening browser 'Chrome' to base url 'http://localhost:3000/'.</msg>
<arg>${URL}</arg>
<arg>browser=Chrome</arg>
<doc>Opens a new browser instance to the optional ``url``.</doc>
<status status="PASS" start="2025-04-19T18:52:04.025319" elapsed="3.367337"/>
</kw>
<status status="PASS" start="2025-04-19T18:52:04.024176" elapsed="3.368829"/>
</kw>
<kw name="E preencha os campos do formulário">
<kw name="Input Text" owner="SeleniumLibrary">
<msg time="2025-04-19T18:52:07.394538" level="INFO">Typing text 'Akemi' into text field 'id:form-nome'.</msg>
<arg>${CAMPO_NOME}</arg>
<arg>Akemi</arg>
<doc>Types the given ``text`` into the text field identified by ``locator``.</doc>
<status status="PASS" start="2025-04-19T18:52:07.394087" elapsed="0.146188"/>
</kw>
<kw name="Input Text" owner="SeleniumLibrary">
<msg time="2025-04-19T18:52:07.541357" level="INFO">Typing text 'Desenvolvedora' into text field 'id:form-cargo'.</msg>
<arg>${CAMPO_CARGO}</arg>
<arg>Desenvolvedora</arg>
<doc>Types the given ``text`` into the text field identified by ``locator``.</doc>
<status status="PASS" start="2025-04-19T18:52:07.540529" elapsed="0.122012"/>
</kw>
<kw name="Input Text" owner="SeleniumLibrary">
<msg time="2025-04-19T18:52:07.663150" level="INFO">Typing text 'https://picsum.photos/200/300' into text field 'id:form-imagem'.</msg>
<arg>${CAMPO_IMAGEM}</arg>
<arg>https://picsum.photos/200/300</arg>
<doc>Types the given ``text`` into the text field identified by ``locator``.</doc>
<status status="PASS" start="2025-04-19T18:52:07.662794" elapsed="0.136868"/>
</kw>
<kw name="Click Element" owner="SeleniumLibrary">
<msg time="2025-04-19T18:52:07.800787" level="INFO">Clicking element 'class:lista-suspensa'.</msg>
<arg>${CAMPO_TIME}</arg>
<doc>Click the element identified by ``locator``.</doc>
<status status="PASS" start="2025-04-19T18:52:07.800250" elapsed="0.092195"/>
</kw>
<kw name="Click Element" owner="SeleniumLibrary">
<msg time="2025-04-19T18:52:07.893449" level="INFO">Clicking element '//option[contains(.,'Programação')]'.</msg>
<arg>${OPCAO_PROGRAMACAO}</arg>
<doc>Click the element identified by ``locator``.</doc>
<status status="PASS" start="2025-04-19T18:52:07.892881" elapsed="0.044461"/>
</kw>
<status status="PASS" start="2025-04-19T18:52:07.393605" elapsed="0.543986"/>
</kw>
<kw name="E clique no botão criar card">
<kw name="Click Element" owner="SeleniumLibrary">
<msg time="2025-04-19T18:52:07.939199" level="INFO">Clicking element 'id:form-botao'.</msg>
<arg>${BOTAO_CARD}</arg>
<doc>Click the element identified by ``locator``.</doc>
<status status="PASS" start="2025-04-19T18:52:07.938890" elapsed="0.089034"/>
</kw>
<status status="PASS" start="2025-04-19T18:52:07.938283" elapsed="0.089828"/>
</kw>
<kw name="Então identificar o card no time esperado">
<kw name="Element Should Be Visible" owner="SeleniumLibrary">
<msg time="2025-04-19T18:52:08.122199" level="INFO">Element 'class:colaborador' is displayed.</msg>
<arg>class:colaborador</arg>
<doc>Verifies that the element identified by ``locator`` is visible.</doc>
<status status="PASS" start="2025-04-19T18:52:08.029122" elapsed="0.093274"/>
</kw>
<status status="PASS" start="2025-04-19T18:52:08.028526" elapsed="0.094056"/>
</kw>
<status status="PASS" start="2025-04-19T18:52:04.022864" elapsed="4.100170"/>
</test>
<status status="PASS" start="2025-04-19T18:52:03.401698" elapsed="4.722464"/>
</suite>
<statistics>
<total>
<stat pass="1" fail="0" skip="0">All Tests</stat>
</total>
<tag>
</tag>
<suite>
<stat name="Primeiro Teste" id="s1" pass="1" fail="0" skip="0">Primeiro Teste</stat>
</suite>
</statistics>
<errors>
</errors>
</robot>
