<?xml version="1.0" encoding="UTF-8"?>
<robot generator="Robot 7.2.2 (Python 3.13.1 on win32)" generated="2025-05-14T18:16:56.866272" rpa="false" schemaversion="5">
<suite id="s1" name="Preenchimento Incorreto" source="C:\Users\joaop\OneDrive\Área de Trabalho\curso-robot\preenchimento_incorreto.robot">
<test id="s1-t1" name="Verificar se quando um campo obrigatório não for preenchido corretamente o sistema exibe uma mensagem de campo obrigatório" line="10">
<kw name="Dado que eu acesse o Organo" owner="setup_teardown" type="SETUP">
<kw name="Open Browser" owner="SeleniumLibrary">
<msg time="2025-05-14T18:16:57.306368" level="INFO">Opening browser 'Chrome' to base url 'http://localhost:3000/'.</msg>
<arg>url=http://localhost:3000/</arg>
<arg>browser=Chrome</arg>
<doc>Opens a new browser instance to the optional ``url``.</doc>
<status status="PASS" start="2025-05-14T18:16:57.306069" elapsed="2.066763"/>
</kw>
<status status="PASS" start="2025-05-14T18:16:57.305019" elapsed="2.068082"/>
</kw>
<kw name="Dado que eu clique no botão criar card">
<kw name="Click Element" owner="SeleniumLibrary">
<msg time="2025-05-14T18:16:59.374882" level="INFO">Clicking element 'id:form-botao'.</msg>
<arg>${BOTAO_CARD}</arg>
<doc>Click the element identified by ``locator``.</doc>
<status status="PASS" start="2025-05-14T18:16:59.374284" elapsed="0.098581"/>
</kw>
<status status="PASS" start="2025-05-14T18:16:59.373728" elapsed="0.099421"/>
</kw>
<kw name="Então sistema deve apresentar mensagem de campo obrigatório">
<kw name="Element Should Be Visible" owner="SeleniumLibrary">
<msg time="2025-05-14T18:16:59.589137" level="INFO">Element 'id:form-nome-erro' is displayed.</msg>
<arg>id:form-nome-erro</arg>
<doc>Verifies that the element identified by ``locator`` is visible.</doc>
<status status="PASS" start="2025-05-14T18:16:59.474428" elapsed="0.114853"/>
</kw>
<kw name="Element Should Be Visible" owner="SeleniumLibrary">
<msg time="2025-05-14T18:16:59.609175" level="INFO">Element 'id:form-cargo-erro' is displayed.</msg>
<arg>id:form-cargo-erro</arg>
<doc>Verifies that the element identified by ``locator`` is visible.</doc>
<status status="PASS" start="2025-05-14T18:16:59.589524" elapsed="0.019780"/>
</kw>
<kw name="Element Should Be Visible" owner="SeleniumLibrary">
<msg time="2025-05-14T18:16:59.628764" level="INFO">Element 'id:form-times-erro' is displayed.</msg>
<arg>id:form-times-erro</arg>
<doc>Verifies that the element identified by ``locator`` is visible.</doc>
<status status="PASS" start="2025-05-14T18:16:59.609515" elapsed="0.019430"/>
</kw>
<status status="PASS" start="2025-05-14T18:16:59.473764" elapsed="0.155374"/>
</kw>
<kw name="Fechar navegador" owner="setup_teardown" type="TEARDOWN">
<kw name="Close Browser" owner="SeleniumLibrary">
<doc>Closes the current browser.</doc>
<status status="PASS" start="2025-05-14T18:16:59.630152" elapsed="2.168438"/>
</kw>
<status status="PASS" start="2025-05-14T18:16:59.629694" elapsed="2.169303"/>
</kw>
<status status="PASS" start="2025-05-14T18:16:57.303670" elapsed="4.495822"/>
</test>
<status status="PASS" start="2025-05-14T18:16:56.868915" elapsed="4.932394"/>
</suite>
<statistics>
<total>
<stat pass="1" fail="0" skip="0">All Tests</stat>
</total>
<tag>
</tag>
<suite>
<stat name="Preenchimento Incorreto" id="s1" pass="1" fail="0" skip="0">Preenchimento Incorreto</stat>
</suite>
</statistics>
<errors>
</errors>
</robot>
